2020-04-06 13:28:54,868 [INFO] Activator:176 - 


2020-04-06 13:28:54,871 [INFO] Activator:177 - !SESSION log4j initialized
2020-04-06 14:29:43,903 [INFO] ApplicationProperties:181 - Using Application install path: C:\ST\STM32CubeIDE_1.1.0\STM32CubeIDE\plugins\com.st.stm32cube.common.mx_5.4.0.201910091541
2020-04-06 14:29:43,915 [INFO] DbMcusXml:68 - Set database path to: C:\ST\STM32CubeIDE_1.1.0\STM32CubeIDE\plugins\com.st.stm32cube.common.mx_5.4.0.201910091541\\db\/mcu/
2020-04-06 14:29:43,919 [INFO] DbBoardsPdsc:54 - Set plugin database path to: C:\ST\STM32CubeIDE_1.1.0\STM32CubeIDE\plugins\com.st.stm32cube.common.mx_5.4.0.201910091541\\db\/plugins/boardmanager/
2020-04-06 14:29:43,919 [INFO] DbMcus:265 - Set plugin images path to: C:\ST\STM32CubeIDE_1.1.0\STM32CubeIDE\plugins\com.st.stm32cube.common.mx_5.4.0.201910091541\\db\/plugins/mcufinder/images/
2020-04-06 14:29:43,919 [INFO] DbBoards:232 - Set plugin images path to: C:\ST\STM32CubeIDE_1.1.0\STM32CubeIDE\plugins\com.st.stm32cube.common.mx_5.4.0.201910091541\\db\/plugins/mcufinder/images/
2020-04-06 14:29:43,921 [INFO] APIGFXSelector:72 - Set database path to: C:\ST\STM32CubeIDE_1.1.0\STM32CubeIDE\plugins\com.st.stm32cube.common.mx_5.4.0.201910091541\\db\/plugins/mcufinder/mcu/
2020-04-06 14:29:43,927 [INFO] DbMcusAds:72 - Set database path to: C:\Users\samtm\.stmcufinder\plugins\mcufinder//mcu/
2020-04-06 14:29:43,928 [INFO] DbMcusDocs:92 - Set database path to: C:\Users\samtm\.stmcufinder\plugins\mcufinder//mcu/
2020-04-06 14:29:43,930 [INFO] DbMcusJson:59 - Set database path to: C:\Users\samtm\.stmcufinder\plugins\mcufinder//mcu/
2020-04-06 14:29:43,931 [INFO] DbBoardsDocs:84 - Set database path to: C:\Users\samtm\.stmcufinder\plugins\mcufinder//mcu/
2020-04-06 14:29:43,932 [INFO] DbBoardsJson:51 - Set database path to: C:\Users\samtm\.stmcufinder\plugins\mcufinder//mcu/
2020-04-06 14:29:44,055 [INFO] CrossReferenceDbSqlite:197 - Set database path to: C:\Users\samtm\.stmcufinder\plugins\mcufinder//mcu/cs/
2020-04-06 14:29:44,138 [INFO] RulesReader:52 - Compatibility file has been processed (179 Rules)
2020-04-06 14:29:44,767 [INFO] MicroXplorer:570 - Detected Java Version = 1.8.0_202
2020-04-06 14:29:44,768 [INFO] DbMcusXml:68 - Set database path to: C:\ST\STM32CubeIDE_1.1.0\STM32CubeIDE\plugins\com.st.stm32cube.common.mx_5.4.0.201910091541\\db\/mcu/
2020-04-06 14:29:44,768 [INFO] DbBoardsPdsc:54 - Set plugin database path to: C:\ST\STM32CubeIDE_1.1.0\STM32CubeIDE\plugins\com.st.stm32cube.common.mx_5.4.0.201910091541\\db\/plugins/boardmanager/
2020-04-06 14:29:44,769 [INFO] DbMcus:265 - Set plugin images path to: C:\ST\STM32CubeIDE_1.1.0\STM32CubeIDE\plugins\com.st.stm32cube.common.mx_5.4.0.201910091541\\db\/plugins/mcufinder/images/
2020-04-06 14:29:44,769 [INFO] DbBoards:232 - Set plugin images path to: C:\ST\STM32CubeIDE_1.1.0\STM32CubeIDE\plugins\com.st.stm32cube.common.mx_5.4.0.201910091541\\db\/plugins/mcufinder/images/
2020-04-06 14:29:44,769 [INFO] APIGFXSelector:72 - Set database path to: C:\ST\STM32CubeIDE_1.1.0\STM32CubeIDE\plugins\com.st.stm32cube.common.mx_5.4.0.201910091541\\db\/plugins/mcufinder/mcu/
2020-04-06 14:29:44,769 [WARN] DbFile:31 - Overriding database path with different value: C:\Users\samtm\.stmcufinder\plugins\mcufinder/ => C:\Users\samtm\.stmcufinder\plugins\mcufinder
2020-04-06 14:29:44,769 [INFO] DbMcusAds:72 - Set database path to: C:\Users\samtm\.stmcufinder\plugins\mcufinder//mcu/
2020-04-06 14:29:44,769 [WARN] DbFile:31 - Overriding database path with different value: C:\Users\samtm\.stmcufinder\plugins\mcufinder/ => C:\Users\samtm\.stmcufinder\plugins\mcufinder
2020-04-06 14:29:44,770 [INFO] DbMcusDocs:92 - Set database path to: C:\Users\samtm\.stmcufinder\plugins\mcufinder//mcu/
2020-04-06 14:29:44,770 [WARN] DbFile:31 - Overriding database path with different value: C:\Users\samtm\.stmcufinder\plugins\mcufinder/ => C:\Users\samtm\.stmcufinder\plugins\mcufinder
2020-04-06 14:29:44,770 [INFO] DbMcusJson:59 - Set database path to: C:\Users\samtm\.stmcufinder\plugins\mcufinder//mcu/
2020-04-06 14:29:44,770 [WARN] DbFile:31 - Overriding database path with different value: C:\Users\samtm\.stmcufinder\plugins\mcufinder/ => C:\Users\samtm\.stmcufinder\plugins\mcufinder
2020-04-06 14:29:44,770 [INFO] DbBoardsDocs:84 - Set database path to: C:\Users\samtm\.stmcufinder\plugins\mcufinder//mcu/
2020-04-06 14:29:44,771 [WARN] DbFile:31 - Overriding database path with different value: C:\Users\samtm\.stmcufinder\plugins\mcufinder/ => C:\Users\samtm\.stmcufinder\plugins\mcufinder
2020-04-06 14:29:44,771 [INFO] DbBoardsJson:51 - Set database path to: C:\Users\samtm\.stmcufinder\plugins\mcufinder//mcu/
2020-04-06 14:29:44,771 [WARN] DbFile:31 - Overriding database path with different value: C:\Users\samtm\.stmcufinder\plugins\mcufinder/ => C:\Users\samtm\.stmcufinder\plugins\mcufinder
2020-04-06 14:29:44,771 [WARN] DbFile:31 - Overriding database path with different value: C:\Users\samtm\.stmcufinder\plugins\mcufinder/ => C:\Users\samtm\.stmcufinder\plugins\mcufinder
2020-04-06 14:29:44,771 [INFO] CrossReferenceDbSqlite:197 - Set database path to: C:\Users\samtm\.stmcufinder\plugins\mcufinder//mcu/cs/
2020-04-06 14:29:44,982 [INFO] MainPanel:185 - HeapMemory: 340787200
2020-04-06 14:29:45,034 [INFO] DbMcusXml:68 - Set database path to: C:\ST\STM32CubeIDE_1.1.0\STM32CubeIDE\plugins\com.st.stm32cube.common.mx_5.4.0.201910091541\\db\/mcu/
2020-04-06 14:29:45,034 [INFO] DbBoardsPdsc:54 - Set plugin database path to: C:\ST\STM32CubeIDE_1.1.0\STM32CubeIDE\plugins\com.st.stm32cube.common.mx_5.4.0.201910091541\\db\/plugins/boardmanager/
2020-04-06 14:29:45,034 [INFO] DbMcus:265 - Set plugin images path to: C:\ST\STM32CubeIDE_1.1.0\STM32CubeIDE\plugins\com.st.stm32cube.common.mx_5.4.0.201910091541\\db\/plugins/mcufinder/images/
2020-04-06 14:29:45,034 [INFO] DbBoards:232 - Set plugin images path to: C:\ST\STM32CubeIDE_1.1.0\STM32CubeIDE\plugins\com.st.stm32cube.common.mx_5.4.0.201910091541\\db\/plugins/mcufinder/images/
2020-04-06 14:29:45,035 [INFO] APIGFXSelector:72 - Set database path to: C:\ST\STM32CubeIDE_1.1.0\STM32CubeIDE\plugins\com.st.stm32cube.common.mx_5.4.0.201910091541\\db\/plugins/mcufinder/mcu/
2020-04-06 14:29:45,035 [WARN] DbFile:31 - Overriding database path with different value: C:\Users\samtm\.stmcufinder\plugins\mcufinder/ => C:\Users\samtm\.stmcufinder\plugins\mcufinder
2020-04-06 14:29:45,035 [INFO] DbMcusAds:72 - Set database path to: C:\Users\samtm\.stmcufinder\plugins\mcufinder//mcu/
2020-04-06 14:29:45,036 [WARN] DbFile:31 - Overriding database path with different value: C:\Users\samtm\.stmcufinder\plugins\mcufinder/ => C:\Users\samtm\.stmcufinder\plugins\mcufinder
2020-04-06 14:29:45,036 [INFO] DbMcusDocs:92 - Set database path to: C:\Users\samtm\.stmcufinder\plugins\mcufinder//mcu/
2020-04-06 14:29:45,036 [WARN] DbFile:31 - Overriding database path with different value: C:\Users\samtm\.stmcufinder\plugins\mcufinder/ => C:\Users\samtm\.stmcufinder\plugins\mcufinder
2020-04-06 14:29:45,036 [INFO] DbMcusJson:59 - Set database path to: C:\Users\samtm\.stmcufinder\plugins\mcufinder//mcu/
2020-04-06 14:29:45,036 [WARN] DbFile:31 - Overriding database path with different value: C:\Users\samtm\.stmcufinder\plugins\mcufinder/ => C:\Users\samtm\.stmcufinder\plugins\mcufinder
2020-04-06 14:29:45,037 [INFO] DbBoardsDocs:84 - Set database path to: C:\Users\samtm\.stmcufinder\plugins\mcufinder//mcu/
2020-04-06 14:29:45,037 [WARN] DbFile:31 - Overriding database path with different value: C:\Users\samtm\.stmcufinder\plugins\mcufinder/ => C:\Users\samtm\.stmcufinder\plugins\mcufinder
2020-04-06 14:29:45,037 [INFO] DbBoardsJson:51 - Set database path to: C:\Users\samtm\.stmcufinder\plugins\mcufinder//mcu/
2020-04-06 14:29:45,037 [WARN] DbFile:31 - Overriding database path with different value: C:\Users\samtm\.stmcufinder\plugins\mcufinder/ => C:\Users\samtm\.stmcufinder\plugins\mcufinder
2020-04-06 14:29:45,037 [WARN] DbFile:31 - Overriding database path with different value: C:\Users\samtm\.stmcufinder\plugins\mcufinder/ => C:\Users\samtm\.stmcufinder\plugins\mcufinder
2020-04-06 14:29:45,038 [INFO] CrossReferenceDbSqlite:197 - Set database path to: C:\Users\samtm\.stmcufinder\plugins\mcufinder//mcu/cs/
2020-04-06 14:29:45,076 [INFO] ApplicationProperties:181 - Using Application install path: C:\ST\STM32CubeIDE_1.1.0\STM32CubeIDE\plugins\com.st.stm32cube.common.mx_5.4.0.201910091541
2020-04-06 14:29:45,077 [INFO] PluginManage:178 - Search for loadable plugins [exclusion list=]
2020-04-06 14:29:45,079 [INFO] PluginManage:292 - Check plugin analytics
2020-04-06 14:29:45,083 [INFO] PluginManage:342 - Loaded plugin analytics (category:tool,tabindex:-1)
2020-04-06 14:29:45,084 [INFO] PluginManage:292 - Check plugin clock
2020-04-06 14:29:45,092 [INFO] PluginManage:342 - Loaded plugin clock (category:base,tabindex:2)
2020-04-06 14:29:45,093 [INFO] PluginManage:292 - Check plugin ddr
2020-04-06 14:29:45,095 [INFO] PluginManage:342 - Loaded plugin ddr (category:tool,tabindex:6)
2020-04-06 14:29:45,095 [INFO] PluginManage:292 - Check plugin filemanager
2020-04-06 14:29:45,192 [INFO] PluginManage:342 - Loaded plugin filemanager (category:base,tabindex:10)
2020-04-06 14:29:45,192 [INFO] PluginManage:292 - Check plugin ipmanager
2020-04-06 14:29:45,201 [INFO] PluginManage:342 - Loaded plugin ipmanager (category:base,tabindex:5)
2020-04-06 14:29:45,201 [INFO] PluginManage:292 - Check plugin pinoutandconfiguration
2020-04-06 14:29:45,209 [INFO] PluginManage:342 - Loaded plugin pinoutandconfiguration (category:base,tabindex:1)
2020-04-06 14:29:45,209 [INFO] PluginManage:292 - Check plugin pinoutconfig
2020-04-06 14:29:45,227 [INFO] PluginManage:342 - Loaded plugin pinoutconfig (category:base,tabindex:0)
2020-04-06 14:29:45,228 [INFO] PluginManage:292 - Check plugin power
2020-04-06 14:29:45,236 [INFO] PluginManage:342 - Loaded plugin power (category:power,tabindex:4)
2020-04-06 14:29:45,236 [INFO] PluginManage:292 - Check plugin projectmanager
2020-04-06 14:29:45,247 [INFO] PluginManage:342 - Loaded plugin projectmanager (category:projectmanager,tabindex:3)
2020-04-06 14:29:45,247 [INFO] PluginManage:292 - Check plugin thirdparty
2020-04-06 14:29:45,285 [INFO] ThirdPartyDb:294 - Open Third Party DataBase File (C:/Users/samtm/.stm32cubemx/plugins/thirdparty/db/thirdparties_db.xml) : 19 ms. number of Sw pack : 21
2020-04-06 14:29:45,304 [INFO] PluginManage:342 - Loaded plugin thirdparty (category:base,tabindex:-1)
2020-04-06 14:29:45,305 [INFO] PluginManage:292 - Check plugin tools
2020-04-06 14:29:45,307 [INFO] PluginManage:342 - Loaded plugin tools (category:base,tabindex:7)
2020-04-06 14:29:45,307 [INFO] PluginManage:292 - Check plugin updater
2020-04-06 14:29:45,317 [INFO] PluginManage:342 - Loaded plugin updater (category:base,tabindex:12)
2020-04-06 14:29:45,318 [INFO] PluginManage:265 - PluginManage : Loaded plugins [12]
2020-04-06 14:29:45,771 [INFO] PinOutPanel:1367 - setPackage(No Configuration,No Configuration)
2020-04-06 14:29:45,997 [INFO] IPUIPlugin:63 - create IPUIPlugin
2020-04-06 14:29:45,997 [INFO] PluginManager:200 - loadIPPluginJar : add adc
2020-04-06 14:29:45,999 [INFO] IPUIPlugin:63 - create IPUIPlugin
2020-04-06 14:29:45,999 [INFO] PluginManager:200 - loadIPPluginJar : add aes
2020-04-06 14:29:46,001 [INFO] IPUIPlugin:63 - create IPUIPlugin
2020-04-06 14:29:46,001 [INFO] PluginManager:200 - loadIPPluginJar : add can
2020-04-06 14:29:46,003 [INFO] IPUIPlugin:63 - create IPUIPlugin
2020-04-06 14:29:46,003 [INFO] PluginManager:200 - loadIPPluginJar : add comp
2020-04-06 14:29:46,004 [INFO] IPUIPlugin:63 - create IPUIPlugin
2020-04-06 14:29:46,005 [INFO] PluginManager:200 - loadIPPluginJar : add cryp
2020-04-06 14:29:46,006 [INFO] IPUIPlugin:63 - create IPUIPlugin
2020-04-06 14:29:46,007 [INFO] PluginManager:200 - loadIPPluginJar : add dfsdm
2020-04-06 14:29:46,012 [INFO] IPUIPlugin:63 - create IPUIPlugin
2020-04-06 14:29:46,013 [INFO] PluginManager:200 - loadIPPluginJar : add dma
2020-04-06 14:29:46,014 [INFO] IPUIPlugin:63 - create IPUIPlugin
2020-04-06 14:29:46,014 [INFO] PluginManager:200 - loadIPPluginJar : add fatfs
2020-04-06 14:29:46,018 [INFO] IPUIPlugin:63 - create IPUIPlugin
2020-04-06 14:29:46,018 [INFO] PluginManager:200 - loadIPPluginJar : add fmc
2020-04-06 14:29:46,023 [INFO] IPUIPlugin:63 - create IPUIPlugin
2020-04-06 14:29:46,023 [INFO] PluginManager:200 - loadIPPluginJar : add freertos
2020-04-06 14:29:46,025 [INFO] IPUIPlugin:63 - create IPUIPlugin
2020-04-06 14:29:46,025 [INFO] PluginManager:200 - loadIPPluginJar : add genericplugin
2020-04-06 14:29:46,026 [INFO] IPUIPlugin:63 - create IPUIPlugin
2020-04-06 14:29:46,027 [INFO] PluginManager:200 - loadIPPluginJar : add gfxmmu
2020-04-06 14:29:46,029 [INFO] IPUIPlugin:63 - create IPUIPlugin
2020-04-06 14:29:46,030 [INFO] PluginManager:200 - loadIPPluginJar : add gfxsimulator
2020-04-06 14:29:46,034 [INFO] IPUIPlugin:63 - create IPUIPlugin
2020-04-06 14:29:46,034 [INFO] PluginManager:200 - loadIPPluginJar : add gic
2020-04-06 14:29:46,038 [INFO] IPUIPlugin:63 - create IPUIPlugin
2020-04-06 14:29:46,038 [INFO] PluginManager:200 - loadIPPluginJar : add gpio
2020-04-06 14:29:46,040 [INFO] IPUIPlugin:63 - create IPUIPlugin
2020-04-06 14:29:46,040 [INFO] PluginManager:200 - loadIPPluginJar : add gtzc
2020-04-06 14:29:46,042 [INFO] IPUIPlugin:63 - create IPUIPlugin
2020-04-06 14:29:46,042 [INFO] PluginManager:200 - loadIPPluginJar : add hash
2020-04-06 14:29:46,044 [INFO] IPUIPlugin:63 - create IPUIPlugin
2020-04-06 14:29:46,045 [INFO] PluginManager:200 - loadIPPluginJar : add i2c
2020-04-06 14:29:46,047 [INFO] IPUIPlugin:63 - create IPUIPlugin
2020-04-06 14:29:46,047 [INFO] PluginManager:200 - loadIPPluginJar : add i2s
2020-04-06 14:29:46,049 [INFO] IPUIPlugin:63 - create IPUIPlugin
2020-04-06 14:29:46,049 [INFO] PluginManager:200 - loadIPPluginJar : add ipddr
2020-04-06 14:29:46,051 [INFO] IPUIPlugin:63 - create IPUIPlugin
2020-04-06 14:29:46,051 [INFO] PluginManager:200 - loadIPPluginJar : add ltdc
2020-04-06 14:29:46,054 [INFO] IPUIPlugin:63 - create IPUIPlugin
2020-04-06 14:29:46,054 [INFO] PluginManager:200 - loadIPPluginJar : add mdma
2020-04-06 14:29:46,057 [INFO] IPUIPlugin:63 - create IPUIPlugin
2020-04-06 14:29:46,057 [INFO] PluginManager:200 - loadIPPluginJar : add nvic
2020-04-06 14:29:46,059 [INFO] IPUIPlugin:63 - create IPUIPlugin
2020-04-06 14:29:46,059 [INFO] PluginManager:200 - loadIPPluginJar : add opamp
2020-04-06 14:29:46,062 [INFO] IPUIPlugin:63 - create IPUIPlugin
2020-04-06 14:29:46,062 [INFO] PluginManager:200 - loadIPPluginJar : add pdm2pcm
2020-04-06 14:29:46,067 [INFO] IPUIPlugin:63 - create IPUIPlugin
2020-04-06 14:29:46,069 [INFO] PluginManager:200 - loadIPPluginJar : add plateformsettings
2020-04-06 14:29:46,070 [INFO] IPUIPlugin:63 - create IPUIPlugin
2020-04-06 14:29:46,071 [INFO] PluginManager:200 - loadIPPluginJar : add quadspi
2020-04-06 14:29:46,073 [INFO] IPUIPlugin:63 - create IPUIPlugin
2020-04-06 14:29:46,073 [INFO] PluginManager:200 - loadIPPluginJar : add resmgrutility
2020-04-06 14:29:46,076 [INFO] IPUIPlugin:63 - create IPUIPlugin
2020-04-06 14:29:46,076 [INFO] PluginManager:200 - loadIPPluginJar : add sai
2020-04-06 14:29:46,077 [INFO] IPUIPlugin:63 - create IPUIPlugin
2020-04-06 14:29:46,078 [INFO] PluginManager:200 - loadIPPluginJar : add spi
2020-04-06 14:29:46,080 [INFO] IPUIPlugin:63 - create IPUIPlugin
2020-04-06 14:29:46,080 [INFO] PluginManager:200 - loadIPPluginJar : add stm32_wpan
2020-04-06 14:29:46,081 [INFO] IPUIPlugin:63 - create IPUIPlugin
2020-04-06 14:29:46,081 [INFO] PluginManager:200 - loadIPPluginJar : add tim
2020-04-06 14:29:46,084 [INFO] IPUIPlugin:63 - create IPUIPlugin
2020-04-06 14:29:46,084 [INFO] PluginManager:200 - loadIPPluginJar : add touchsensing
2020-04-06 14:29:46,085 [INFO] IPUIPlugin:63 - create IPUIPlugin
2020-04-06 14:29:46,085 [INFO] PluginManager:200 - loadIPPluginJar : add tracer_emb
2020-04-06 14:29:46,087 [INFO] IPUIPlugin:63 - create IPUIPlugin
2020-04-06 14:29:46,087 [INFO] PluginManager:200 - loadIPPluginJar : add ts
2020-04-06 14:29:46,088 [INFO] IPUIPlugin:63 - create IPUIPlugin
2020-04-06 14:29:46,088 [INFO] PluginManager:200 - loadIPPluginJar : add tsc
2020-04-06 14:29:46,089 [INFO] IPUIPlugin:63 - create IPUIPlugin
2020-04-06 14:29:46,090 [INFO] PluginManager:200 - loadIPPluginJar : add ucpd
2020-04-06 14:29:46,092 [INFO] IPUIPlugin:63 - create IPUIPlugin
2020-04-06 14:29:46,092 [INFO] PluginManager:200 - loadIPPluginJar : add usart
2020-04-06 14:29:46,296 [INFO] BoardConnectionPanel:220 - [DDR PANEL] osNameString: Windows
2020-04-06 14:29:46,519 [INFO] BoardConnectionPanel:3149 - [DDR PANEL] STM32CubeIDE environment
2020-04-06 14:29:46,520 [INFO] MainDdrPanel:100 - [DDR PANEL] GETTER - cubeProgrammerPath is: null
2020-04-06 14:29:46,685 [FATAL] Updater:277 - Updater called before beeing initialized
2020-04-06 14:29:47,141 [FATAL] Updater:277 - Updater called before beeing initialized
2020-04-06 14:29:47,146 [INFO] PinOutPanel:1367 - setPackage(No Configuration,No Configuration)
2020-04-06 14:29:47,147 [FATAL] Updater:277 - Updater called before beeing initialized
2020-04-06 14:29:47,151 [INFO] BoardConnectionPanel:3149 - [DDR PANEL] STM32CubeIDE environment
2020-04-06 14:29:47,151 [INFO] MainDdrPanel:100 - [DDR PANEL] GETTER - cubeProgrammerPath is: C:\ST\STM32CubeIDE_1.1.0\STM32CubeIDE\plugins\com.st.stm32cube.ide.mcu.externaltools.cubeprogrammer.win32_1.1.0.201910081157\tools\bin
2020-04-06 14:29:47,156 [INFO] ProgrammerExecThread:148 - [ProgrammerAPI] CubeProgrammer command construction: C:\ST\STM32CubeIDE_1.1.0\STM32CubeIDE\plugins\com.st.stm32cube.ide.mcu.externaltools.cubeprogrammer.win32_1.1.0.201910081157\tools\bin\STM32_Programmer_CLI.exe -l
2020-04-06 14:29:47,255 [INFO] MainDdrPanel:90 - [DDR PANEL] SETTER - Set cubeProgrammerPath to: C:\ST\STM32CubeIDE_1.1.0\STM32CubeIDE\plugins\com.st.stm32cube.ide.mcu.externaltools.cubeprogrammer.win32_1.1.0.201910081157\tools\bin
2020-04-06 14:29:47,259 [INFO] Updater:886 - Updater Version found : 5.4.0
2020-04-06 14:29:47,273 [INFO] ApplicationProperties:181 - Using Application install path: C:\ST\STM32CubeIDE_1.1.0\STM32CubeIDE\plugins\com.st.stm32cube.common.mx_5.4.0.201910091541
2020-04-06 14:29:47,507 [INFO] MainUpdater:2232 - connection check result : 10
2020-04-06 14:29:47,508 [INFO] MainUpdater:236 - Updater Check For Update Now.
2020-04-06 14:29:47,508 [INFO] MicroXplorer:420 - Change Database Version : DB.5.0.40
2020-04-06 14:29:47,537 [INFO] CheckServerUpdateThread:92 - End of CheckServer Thread
2020-04-06 14:29:47,712 [INFO] MainUpdater:2232 - connection check result : 10
2020-04-06 14:29:47,713 [INFO] LogOutputStream:76 - [STDOUT_REDIRECT] Successfull proxy connection.
2020-04-06 14:29:47,781 [INFO] MicroXplorer:390 - Change Database Path : 
2020-04-06 14:29:47,781 [INFO] MicroXplorer:420 - Change Database Version : DB.5.0.40
2020-04-06 14:29:47,784 [INFO] PinOutPanel:1367 - setPackage(No Configuration,No Configuration)
2020-04-06 14:29:47,784 [INFO] UtilMem:74 - Begin LoadConfig() Used Memory: 233859664 Bytes (340787200)
2020-04-06 14:29:47,785 [INFO] MicroXplorer:390 - Change Database Path : 
2020-04-06 14:29:47,785 [INFO] MicroXplorer:420 - Change Database Version : DB.5.0.40
2020-04-06 14:29:47,785 [INFO] OpenFileManager:269 - Change cursor
2020-04-06 14:29:48,405 [INFO] ThirdPartyDb:264 - Close Third Party DataBase File (C:/Users/samtm/.stm32cubemx/plugins/thirdparty/db/thirdparties_db.xml)
2020-04-06 14:29:48,460 [INFO] ThirdPartyDb:294 - Open Third Party DataBase File (C:/Users/samtm/.stm32cubemx/plugins/thirdparty/db/thirdparties_db.xml) : 6 ms. number of Sw pack : 21
2020-04-06 14:29:48,460 [INFO] ThirdPartyDb:264 - Close Third Party DataBase File (C:/Users/samtm/.stm32cubemx/plugins/thirdparty/db/thirdparties_db.xml)
2020-04-06 14:29:48,501 [INFO] IntegrityCheckThread:97 - End integrity checks thread
2020-04-06 14:29:48,802 [INFO] ImportTextPane:162 - (OptionalMessage_ERROR) IP (RCC) : Invalid parameter (FamilyName)
2020-04-06 14:29:48,802 [INFO] ImportTextPane:162 - (OptionalMessage_ERROR) IP (RCC) : Invalid parameter (HSICECFreq_Value)
2020-04-06 14:29:48,892 [INFO] UtilMem:74 - End LoadConfig() Used Memory: 250261800 Bytes (340787200)
2020-04-06 14:29:48,903 [INFO] ThirdPartyDb:294 - Open Third Party DataBase File (C:/Users/samtm/.stm32cubemx/plugins/thirdparty/db/thirdparties_db.xml) : 5 ms. number of Sw pack : 21
2020-04-06 14:29:48,967 [INFO] ThirdParty:897 - CMSIS Pack Vendor :STMicroelectronics X-CUBE-BLE1 4.4.0
2020-04-06 14:29:48,968 [INFO] ThirdParty:897 - CMSIS Pack Vendor :STMicroelectronics X-CUBE-MEMS1 6.1.0
2020-04-06 14:29:48,968 [INFO] ThirdParty:897 - CMSIS Pack Vendor :STMicroelectronics X-CUBE-NFC4 1.4.0
2020-04-06 14:29:48,968 [INFO] ThirdParty:897 - CMSIS Pack Vendor :STMicroelectronics X-CUBE-GNSS1 3.0.0
2020-04-06 14:29:48,968 [INFO] ThirdParty:897 - CMSIS Pack Vendor :STMicroelectronics X-CUBE-MEMS1 6.2.0
2020-04-06 14:29:48,968 [INFO] ThirdParty:897 - CMSIS Pack Vendor :STMicroelectronics X-CUBE-MEMS1 7.0.0
2020-04-06 14:29:48,968 [INFO] ThirdParty:897 - CMSIS Pack Vendor :STMicroelectronics X-CUBE-NFC4 1.5.0
2020-04-06 14:29:48,968 [INFO] ThirdParty:897 - CMSIS Pack Vendor :STMicroelectronics X-CUBE-BLE2 1.0.0
2020-04-06 14:29:48,968 [INFO] ThirdParty:897 - CMSIS Pack Vendor :STMicroelectronics X-CUBE-GNSS1 4.0.0
2020-04-06 14:29:48,968 [INFO] ThirdParty:897 - CMSIS Pack Vendor :STMicroelectronics X-CUBE-NFC4 1.5.1
2020-04-06 14:29:48,968 [INFO] ThirdParty:897 - CMSIS Pack Vendor :STMicroelectronics X-CUBE-SUBG2 1.0.0
2020-04-06 14:29:48,968 [INFO] ThirdParty:897 - CMSIS Pack Vendor :ARM CMSIS 5.6.0
2020-04-06 14:29:48,969 [INFO] ThirdParty:897 - CMSIS Pack Vendor :STMicroelectronics X-CUBE-BLE1 5.0.0
2020-04-06 14:29:48,969 [INFO] ThirdParty:897 - CMSIS Pack Vendor :STMicroelectronics X-CUBE-GNSS1 4.1.0
2020-04-06 14:29:48,969 [INFO] ThirdParty:897 - CMSIS Pack Vendor :STMicroelectronics X-CUBE-SUBG2 1.1.0
2020-04-06 14:29:49,129 [INFO] PinOutPanel:1367 - setPackage(No Configuration,No Configuration)
2020-04-06 14:29:49,131 [INFO] PinOutPanel:1367 - setPackage(STM32F031K6Tx,LQFP32)
2020-04-06 14:29:49,744 [INFO] UtilMem:74 - Before build in PCC Used Memory: 271222352 Bytes (340787200)
2020-04-06 14:29:49,993 [INFO] SharedServices:71 - Folder for power plug-in: C:/Users/samtm/.stm32cubemx/plugins/power
2020-04-06 14:29:49,994 [INFO] UtilMem:74 - After build in PCC Used Memory: 285380168 Bytes (340787200)
2020-04-06 14:29:50,002 [INFO] BlockDiagram:1827 - stop enableDisableButtons
2020-04-06 14:29:50,002 [INFO] IPUIPlugin:63 - create IPUIPlugin
2020-04-06 14:29:50,003 [INFO] IPUIPlugin:63 - create IPUIPlugin
2020-04-06 14:29:50,003 [INFO] IPUIPlugin:63 - create IPUIPlugin
2020-04-06 14:29:50,003 [INFO] IPUIPlugin:63 - create IPUIPlugin
2020-04-06 14:29:50,003 [INFO] IPUIPlugin:63 - create IPUIPlugin
2020-04-06 14:29:50,004 [INFO] IPUIPlugin:63 - create IPUIPlugin
2020-04-06 14:29:50,004 [INFO] IPUIPlugin:63 - create IPUIPlugin
2020-04-06 14:29:50,004 [INFO] IPUIPlugin:63 - create IPUIPlugin
2020-04-06 14:29:50,004 [INFO] IPUIPlugin:63 - create IPUIPlugin
2020-04-06 14:29:50,004 [INFO] IPUIPlugin:63 - create IPUIPlugin
2020-04-06 14:29:50,004 [INFO] IPUIPlugin:63 - create IPUIPlugin
2020-04-06 14:29:50,004 [INFO] IPUIPlugin:63 - create IPUIPlugin
2020-04-06 14:29:50,005 [INFO] IPUIPlugin:63 - create IPUIPlugin
2020-04-06 14:29:50,005 [INFO] IPUIPlugin:63 - create IPUIPlugin
2020-04-06 14:29:50,005 [INFO] IPUIPlugin:63 - create IPUIPlugin
2020-04-06 14:29:50,005 [INFO] IPUIPlugin:63 - create IPUIPlugin
2020-04-06 14:29:50,005 [INFO] IPUIPlugin:63 - create IPUIPlugin
2020-04-06 14:29:50,006 [INFO] IPUIPlugin:63 - create IPUIPlugin
2020-04-06 14:29:50,006 [INFO] IPUIPlugin:63 - create IPUIPlugin
2020-04-06 14:29:50,006 [INFO] IPUIPlugin:63 - create IPUIPlugin
2020-04-06 14:29:50,006 [INFO] IPUIPlugin:63 - create IPUIPlugin
2020-04-06 14:29:50,006 [INFO] IPUIPlugin:63 - create IPUIPlugin
2020-04-06 14:29:50,006 [INFO] IPUIPlugin:63 - create IPUIPlugin
2020-04-06 14:29:50,021 [INFO] BlockDiagram:1827 - stop enableDisableButtons
2020-04-06 14:29:50,039 [INFO] LogOutputStream:76 - [STDOUT_REDIRECT] toolchainItems.length=====1
2020-04-06 14:29:50,124 [INFO] OpenFileManager:289 - Restore cursor
2020-04-06 14:29:50,127 [INFO] DbMcusXml:106 - Load MCU database from C:\ST\STM32CubeIDE_1.1.0\STM32CubeIDE\plugins\com.st.stm32cube.common.mx_5.4.0.201910091541\\db\/mcu/families.xml
2020-04-06 14:29:50,127 [INFO] DbMcusXml:106 - Load MCU database from C:\ST\STM32CubeIDE_1.1.0\STM32CubeIDE\plugins\com.st.stm32cube.common.mx_5.4.0.201910091541\\db\/mcu/families.xml
2020-04-06 14:29:50,876 [INFO] DbMcusJson:87 - JSON generation date=Wed Feb 26 03:53:47 EST 2020 (1582707227)
2020-04-06 14:29:50,881 [INFO] DbMcusJson:87 - JSON generation date=Wed Feb 26 03:53:47 EST 2020 (1582707227)
2020-04-06 14:29:51,915 [INFO] DbMcus:193 - Found 1544 MCUs (1504 are supported by CubeMX, 1504 are visible in CubeMX)
2020-04-06 14:29:51,915 [INFO] DbMcus:193 - Found 1544 MCUs (1504 are supported by CubeMX, 1504 are visible in CubeMX)
2020-04-06 14:29:51,916 [INFO] ApiDb:158 - Load user favorites file C:\Users\samtm/.stm32cubemx/favorites.mcus.txt: 0 item(s)
2020-04-06 14:29:51,916 [INFO] ApiDb:158 - Load user favorites file C:\Users\samtm/.stm32cubemx/favorites.mcus.txt: 0 item(s)
2020-04-06 14:29:51,916 [INFO] ApiDb:163 - User favorites MCUs=[]
2020-04-06 14:29:51,916 [INFO] ApiDb:163 - User favorites MCUs=[]
2020-04-06 14:29:51,916 [INFO] DbMcus:204 - Set 0 / 0 favorites MCUs
2020-04-06 14:29:51,916 [INFO] DbMcus:204 - Set 0 / 0 favorites MCUs
2020-04-06 14:29:52,030 [INFO] BlockDiagram:1827 - stop enableDisableButtons
2020-04-06 14:29:52,064 [INFO] BlockDiagram:1827 - stop enableDisableButtons
2020-04-06 14:30:14,234 [INFO] BlockDiagram:1827 - stop enableDisableButtons
2020-04-06 14:30:14,302 [INFO] BlockDiagram:1827 - stop enableDisableButtons
2020-04-06 14:30:27,820 [INFO] BlockDiagram:1827 - stop enableDisableButtons
2020-04-06 14:30:27,838 [INFO] BlockDiagram:1827 - stop enableDisableButtons
2020-04-06 14:30:32,091 [INFO] BlockDiagram:1827 - stop enableDisableButtons
2020-04-06 14:31:06,512 [INFO] UtilMem:74 - End SaveConfig() Used Memory: 652342728 Bytes (883949568)
2020-04-06 14:31:13,780 [INFO] BlockDiagram:1827 - stop enableDisableButtons
2020-04-06 14:31:20,277 [INFO] BlockDiagram:1827 - stop enableDisableButtons
2020-04-06 14:31:20,371 [INFO] BlockDiagram:1827 - stop enableDisableButtons
2020-04-06 14:31:20,416 [INFO] BlockDiagram:1827 - stop enableDisableButtons
2020-04-06 14:31:33,102 [INFO] BlockDiagram:1827 - stop enableDisableButtons
2020-04-06 14:31:33,165 [INFO] BlockDiagram:1827 - stop enableDisableButtons
2020-04-06 14:31:33,205 [INFO] BlockDiagram:1827 - stop enableDisableButtons
2020-04-06 14:31:42,410 [INFO] UtilMem:74 - End SaveConfig() Used Memory: 394015488 Bytes (883949568)
2020-04-06 14:31:43,983 [INFO] UtilMem:74 - End SaveConfig() Used Memory: 401468440 Bytes (883949568)
2020-04-06 14:31:44,149 [INFO] UtilMem:74 - End SaveConfig() Used Memory: 312289616 Bytes (883949568)
2020-04-06 14:31:44,511 [INFO] BlockDiagram:1871 - set Specific Code input for plugin: NVIC
2020-04-06 14:31:44,511 [INFO] BlockDiagram:1871 - set Specific Code input for plugin: SYS
2020-04-06 14:31:44,512 [INFO] BlockDiagram:1871 - set Specific Code input for plugin: GPIO
2020-04-06 14:31:44,512 [INFO] BlockDiagram:1871 - set Specific Code input for plugin: RCC
2020-04-06 14:31:44,512 [INFO] BlockDiagram:1871 - set Specific Code input for plugin: I2C
2020-04-06 14:31:44,512 [INFO] BlockDiagram:1871 - set Specific Code input for plugin: TIM1_8F0
2020-04-06 14:31:44,512 [INFO] BlockDiagram:1871 - set Specific Code input for plugin: TIM1_8F0
2020-04-06 14:31:44,512 [INFO] BlockDiagram:1871 - set Specific Code input for plugin: TIM1_8F0
2020-04-06 14:31:44,513 [INFO] CodeGenerator:598 - code generatio: config db path: C:\ST\STM32CubeIDE_1.1.0\STM32CubeIDE\plugins\com.st.stm32cube.common.mx_5.4.0.201910091541\\db\
2020-04-06 14:31:44,773 [INFO] CodeEngine:193 - oldGeneratedFile, C:\projects\thermometer\thermo_fw\MXTmpFiles\license.tmp_save
2020-04-06 14:31:45,066 [INFO] CodeEngine:211 - Generated code: C:\projects\thermometer\thermo_fw\MXTmpFiles\license.tmp
2020-04-06 14:31:45,237 [INFO] CodeEngine:193 - oldGeneratedFile, C:\projects\thermometer\thermo_fw\MXTmpFiles\gpio.tmp_save
2020-04-06 14:31:45,339 [INFO] CodeEngine:211 - Generated code: C:\projects\thermometer\thermo_fw\MXTmpFiles\gpio.tmp
2020-04-06 14:31:45,361 [ERROR] IPConfigManager:1276 - ERROR: the RefConfig I2CEnableFastModePlus is not available in your config.xml file
2020-04-06 14:31:45,760 [INFO] LogOutputStream:76 - [STDOUT_REDIRECT] Command line
2020-04-06 14:31:45,760 [INFO] LogOutputStream:76 - [STDOUT_REDIRECT] Debug : prepare data for I2C
2020-04-06 14:31:45,760 [INFO] LogOutputStream:76 - [STDOUT_REDIRECT] Command line test
2020-04-06 14:31:45,762 [INFO] LogOutputStream:76 - [STDOUT_REDIRECT] Command line
2020-04-06 14:31:45,762 [INFO] LogOutputStream:76 - [STDOUT_REDIRECT] Debug : prepare data for SYS
2020-04-06 14:31:45,763 [INFO] LogOutputStream:76 - [STDOUT_REDIRECT] Command line test
2020-04-06 14:31:45,764 [INFO] LogOutputStream:76 - [STDOUT_REDIRECT] Command line
2020-04-06 14:31:45,764 [INFO] LogOutputStream:76 - [STDOUT_REDIRECT] Debug : prepare data for TIM
2020-04-06 14:31:45,765 [INFO] LogOutputStream:76 - [STDOUT_REDIRECT] Command line test
2020-04-06 14:31:45,767 [INFO] LogOutputStream:76 - [STDOUT_REDIRECT] Debug : prepare data for NVIC
2020-04-06 14:31:45,767 [INFO] LogOutputStream:76 - [STDOUT_REDIRECT] Command line test
2020-04-06 14:31:45,801 [INFO] CodeEngine:193 - oldGeneratedFile, C:\projects\thermometer\thermo_fw\Core\Src\stm32f0xx_it.c_save
2020-04-06 14:31:45,953 [INFO] CodeEngine:211 - Generated code: C:\projects\thermometer\thermo_fw\Core\Src\stm32f0xx_it.c
2020-04-06 14:31:45,988 [INFO] CodeEngine:193 - oldGeneratedFile, C:\projects\thermometer\thermo_fw\Core\Inc\stm32f0xx_it.h_save
2020-04-06 14:31:46,073 [INFO] CodeEngine:211 - Generated code: C:\projects\thermometer\thermo_fw\Core\Inc\stm32f0xx_it.h
2020-04-06 14:31:46,122 [INFO] CodeEngine:193 - oldGeneratedFile, C:\projects\thermometer\thermo_fw\Core\Src\stm32f0xx_hal_msp.c_save
2020-04-06 14:31:46,305 [INFO] CodeEngine:211 - Generated code: C:\projects\thermometer\thermo_fw\Core\Src\stm32f0xx_hal_msp.c
2020-04-06 14:31:46,336 [INFO] CodeEngine:193 - oldGeneratedFile, C:\projects\thermometer\thermo_fw\MXTmpFiles\system.tmp_save
2020-04-06 14:31:46,450 [INFO] CodeEngine:211 - Generated code: C:\projects\thermometer\thermo_fw\MXTmpFiles\system.tmp
2020-04-06 14:31:46,489 [INFO] CodeEngine:193 - oldGeneratedFile, C:\projects\thermometer\thermo_fw\Core\Inc\stm32f0xx_hal_conf.h_save
2020-04-06 14:31:46,594 [INFO] CodeEngine:211 - Generated code: C:\projects\thermometer\thermo_fw\Core\Inc\stm32f0xx_hal_conf.h
2020-04-06 14:31:46,614 [WARN] IPConfigManager:2673 - IP not found : TIM
2020-04-06 14:31:46,615 [WARN] IPConfigManager:2673 - IP not found : gpio
2020-04-06 14:31:46,616 [WARN] CodeGenerator:2697 - IP not found : TIM
2020-04-06 14:31:46,617 [WARN] CodeGenerator:2697 - IP not found : gpio
2020-04-06 14:31:46,658 [INFO] CodeEngine:193 - oldGeneratedFile, C:\projects\thermometer\thermo_fw\Core\Inc\main.h_save
2020-04-06 14:31:46,771 [INFO] CodeEngine:211 - Generated code: C:\projects\thermometer\thermo_fw\Core\Inc\main.h
2020-04-06 14:31:46,819 [INFO] CodeEngine:193 - oldGeneratedFile, C:\projects\thermometer\thermo_fw\Core\Src\main.c_save
2020-04-06 14:31:46,985 [INFO] CodeEngine:211 - Generated code: C:\projects\thermometer\thermo_fw\Core\Src\main.c
2020-04-06 14:31:47,854 [INFO] ProjectBuilder:1645 - Time for Copy HAL[1] : 503mS.
2020-04-06 14:31:47,859 [INFO] ProjectBuilder:2206 - Project Generator version: 3.5.2
2020-04-06 14:31:48,056 [INFO] ConfigFileManager:953 - The Die is : DIE444
2020-04-06 14:31:50,111 [INFO] ProjectBuilder:2373 - Time for Generating toolchain IDE Files: 2252mS.
2020-04-06 14:31:50,111 [INFO] ProjectBuilder:1505 - Time for Copy CMSIS : 0mS.
2020-04-06 14:31:50,114 [INFO] ProjectBuilder:1505 - Time for Copy CMSIS : 0mS.
2020-04-06 14:31:51,649 [INFO] BlockDiagram:1827 - stop enableDisableButtons
2020-04-06 14:31:51,687 [INFO] BlockDiagram:1827 - stop enableDisableButtons
2020-04-06 14:31:51,714 [INFO] BlockDiagram:1827 - stop enableDisableButtons
2020-04-06 14:31:53,518 [INFO] BlockDiagram:1827 - stop enableDisableButtons
2020-04-06 14:31:53,581 [INFO] BlockDiagram:1827 - stop enableDisableButtons
2020-04-06 14:31:53,616 [INFO] BlockDiagram:1827 - stop enableDisableButtons
2020-04-06 14:31:57,776 [INFO] UtilMem:74 - End SaveConfig() Used Memory: 478206752 Bytes (1065353216)
2020-04-06 14:31:58,863 [INFO] UtilMem:74 - End SaveConfig() Used Memory: 485504376 Bytes (1065353216)
2020-04-06 14:31:59,004 [INFO] UtilMem:74 - End SaveConfig() Used Memory: 511238936 Bytes (1065353216)
2020-04-06 14:31:59,114 [INFO] BlockDiagram:1871 - set Specific Code input for plugin: NVIC
2020-04-06 14:31:59,114 [INFO] BlockDiagram:1871 - set Specific Code input for plugin: SYS
2020-04-06 14:31:59,114 [INFO] BlockDiagram:1871 - set Specific Code input for plugin: GPIO
2020-04-06 14:31:59,114 [INFO] BlockDiagram:1871 - set Specific Code input for plugin: RCC
2020-04-06 14:31:59,115 [INFO] BlockDiagram:1871 - set Specific Code input for plugin: I2C
2020-04-06 14:31:59,115 [INFO] BlockDiagram:1871 - set Specific Code input for plugin: TIM1_8F0
2020-04-06 14:31:59,115 [INFO] BlockDiagram:1871 - set Specific Code input for plugin: TIM1_8F0
2020-04-06 14:31:59,115 [INFO] BlockDiagram:1871 - set Specific Code input for plugin: TIM1_8F0
2020-04-06 14:31:59,116 [INFO] CodeGenerator:598 - code generatio: config db path: C:\ST\STM32CubeIDE_1.1.0\STM32CubeIDE\plugins\com.st.stm32cube.common.mx_5.4.0.201910091541\\db\
2020-04-06 14:31:59,262 [INFO] CodeEngine:193 - oldGeneratedFile, C:\projects\thermometer\thermo_fw\MXTmpFiles\license.tmp_save
2020-04-06 14:31:59,321 [INFO] CodeEngine:211 - Generated code: C:\projects\thermometer\thermo_fw\MXTmpFiles\license.tmp
2020-04-06 14:31:59,406 [INFO] CodeEngine:193 - oldGeneratedFile, C:\projects\thermometer\thermo_fw\MXTmpFiles\gpio.tmp_save
2020-04-06 14:31:59,472 [INFO] CodeEngine:211 - Generated code: C:\projects\thermometer\thermo_fw\MXTmpFiles\gpio.tmp
2020-04-06 14:31:59,475 [ERROR] IPConfigManager:1276 - ERROR: the RefConfig I2CEnableFastModePlus is not available in your config.xml file
2020-04-06 14:31:59,783 [INFO] LogOutputStream:76 - [STDOUT_REDIRECT] Command line
2020-04-06 14:31:59,784 [INFO] LogOutputStream:76 - [STDOUT_REDIRECT] Debug : prepare data for I2C
2020-04-06 14:31:59,784 [INFO] LogOutputStream:76 - [STDOUT_REDIRECT] Command line test
2020-04-06 14:31:59,785 [INFO] LogOutputStream:76 - [STDOUT_REDIRECT] Command line
2020-04-06 14:31:59,786 [INFO] LogOutputStream:76 - [STDOUT_REDIRECT] Debug : prepare data for SYS
2020-04-06 14:31:59,787 [INFO] LogOutputStream:76 - [STDOUT_REDIRECT] Command line test
2020-04-06 14:31:59,788 [INFO] LogOutputStream:76 - [STDOUT_REDIRECT] Command line
2020-04-06 14:31:59,789 [INFO] LogOutputStream:76 - [STDOUT_REDIRECT] Debug : prepare data for TIM
2020-04-06 14:31:59,789 [INFO] LogOutputStream:76 - [STDOUT_REDIRECT] Command line test
2020-04-06 14:31:59,791 [INFO] LogOutputStream:76 - [STDOUT_REDIRECT] Debug : prepare data for NVIC
2020-04-06 14:31:59,791 [INFO] LogOutputStream:76 - [STDOUT_REDIRECT] Command line test
2020-04-06 14:31:59,829 [INFO] CodeEngine:193 - oldGeneratedFile, C:\projects\thermometer\thermo_fw\Core\Src\stm32f0xx_it.c_save
2020-04-06 14:31:59,908 [INFO] CodeEngine:211 - Generated code: C:\projects\thermometer\thermo_fw\Core\Src\stm32f0xx_it.c
2020-04-06 14:31:59,936 [INFO] CodeEngine:193 - oldGeneratedFile, C:\projects\thermometer\thermo_fw\Core\Inc\stm32f0xx_it.h_save
2020-04-06 14:32:00,014 [INFO] CodeEngine:211 - Generated code: C:\projects\thermometer\thermo_fw\Core\Inc\stm32f0xx_it.h
2020-04-06 14:32:00,057 [INFO] CodeEngine:193 - oldGeneratedFile, C:\projects\thermometer\thermo_fw\Core\Src\stm32f0xx_hal_msp.c_save
2020-04-06 14:32:00,187 [INFO] CodeEngine:211 - Generated code: C:\projects\thermometer\thermo_fw\Core\Src\stm32f0xx_hal_msp.c
2020-04-06 14:32:00,213 [INFO] CodeEngine:193 - oldGeneratedFile, C:\projects\thermometer\thermo_fw\MXTmpFiles\system.tmp_save
2020-04-06 14:32:00,270 [INFO] CodeEngine:211 - Generated code: C:\projects\thermometer\thermo_fw\MXTmpFiles\system.tmp
2020-04-06 14:32:00,302 [INFO] CodeEngine:193 - oldGeneratedFile, C:\projects\thermometer\thermo_fw\Core\Inc\stm32f0xx_hal_conf.h_save
2020-04-06 14:32:00,391 [INFO] CodeEngine:211 - Generated code: C:\projects\thermometer\thermo_fw\Core\Inc\stm32f0xx_hal_conf.h
2020-04-06 14:32:00,397 [WARN] IPConfigManager:2673 - IP not found : TIM
2020-04-06 14:32:00,397 [WARN] IPConfigManager:2673 - IP not found : gpio
2020-04-06 14:32:00,398 [WARN] CodeGenerator:2697 - IP not found : TIM
2020-04-06 14:32:00,398 [WARN] CodeGenerator:2697 - IP not found : gpio
2020-04-06 14:32:00,427 [INFO] CodeEngine:193 - oldGeneratedFile, C:\projects\thermometer\thermo_fw\Core\Inc\main.h_save
2020-04-06 14:32:00,496 [INFO] CodeEngine:211 - Generated code: C:\projects\thermometer\thermo_fw\Core\Inc\main.h
2020-04-06 14:32:00,530 [INFO] CodeEngine:193 - oldGeneratedFile, C:\projects\thermometer\thermo_fw\Core\Src\main.c_save
2020-04-06 14:32:00,671 [INFO] CodeEngine:211 - Generated code: C:\projects\thermometer\thermo_fw\Core\Src\main.c
2020-04-06 14:32:01,102 [INFO] ProjectBuilder:1645 - Time for Copy HAL[1] : 124mS.
2020-04-06 14:32:01,104 [INFO] ProjectBuilder:2206 - Project Generator version: 3.5.2
2020-04-06 14:32:01,312 [INFO] ConfigFileManager:953 - The Die is : DIE444
2020-04-06 14:32:02,402 [INFO] ProjectBuilder:2373 - Time for Generating toolchain IDE Files: 1298mS.
2020-04-06 14:32:02,403 [INFO] ProjectBuilder:1505 - Time for Copy CMSIS : 0mS.
2020-04-06 14:32:02,407 [INFO] ProjectBuilder:1505 - Time for Copy CMSIS : 0mS.
2020-04-06 14:32:46,825 [INFO] BlockDiagram:1827 - stop enableDisableButtons
2020-04-06 14:34:21,503 [INFO] Activator:176 - 


2020-04-06 14:34:21,506 [INFO] Activator:177 - !SESSION log4j initialized
2020-04-06 14:34:35,073 [INFO] ApplicationProperties:181 - Using Application install path: C:\ST\STM32CubeIDE_1.1.0\STM32CubeIDE\plugins\com.st.stm32cube.common.mx_5.4.0.201910091541
2020-04-06 14:34:35,085 [INFO] DbMcusXml:68 - Set database path to: C:\ST\STM32CubeIDE_1.1.0\STM32CubeIDE\plugins\com.st.stm32cube.common.mx_5.4.0.201910091541\\db\/mcu/
2020-04-06 14:34:35,088 [INFO] DbBoardsPdsc:54 - Set plugin database path to: C:\ST\STM32CubeIDE_1.1.0\STM32CubeIDE\plugins\com.st.stm32cube.common.mx_5.4.0.201910091541\\db\/plugins/boardmanager/
2020-04-06 14:34:35,088 [INFO] DbMcus:265 - Set plugin images path to: C:\ST\STM32CubeIDE_1.1.0\STM32CubeIDE\plugins\com.st.stm32cube.common.mx_5.4.0.201910091541\\db\/plugins/mcufinder/images/
2020-04-06 14:34:35,089 [INFO] DbBoards:232 - Set plugin images path to: C:\ST\STM32CubeIDE_1.1.0\STM32CubeIDE\plugins\com.st.stm32cube.common.mx_5.4.0.201910091541\\db\/plugins/mcufinder/images/
2020-04-06 14:34:35,090 [INFO] APIGFXSelector:72 - Set database path to: C:\ST\STM32CubeIDE_1.1.0\STM32CubeIDE\plugins\com.st.stm32cube.common.mx_5.4.0.201910091541\\db\/plugins/mcufinder/mcu/
2020-04-06 14:34:35,095 [INFO] DbMcusAds:72 - Set database path to: C:\Users\samtm\.stmcufinder\plugins\mcufinder//mcu/
2020-04-06 14:34:35,096 [INFO] DbMcusDocs:92 - Set database path to: C:\Users\samtm\.stmcufinder\plugins\mcufinder//mcu/
2020-04-06 14:34:35,098 [INFO] DbMcusJson:59 - Set database path to: C:\Users\samtm\.stmcufinder\plugins\mcufinder//mcu/
2020-04-06 14:34:35,099 [INFO] DbBoardsDocs:84 - Set database path to: C:\Users\samtm\.stmcufinder\plugins\mcufinder//mcu/
2020-04-06 14:34:35,100 [INFO] DbBoardsJson:51 - Set database path to: C:\Users\samtm\.stmcufinder\plugins\mcufinder//mcu/
2020-04-06 14:34:35,109 [INFO] CrossReferenceDbSqlite:197 - Set database path to: C:\Users\samtm\.stmcufinder\plugins\mcufinder//mcu/cs/
2020-04-06 14:34:35,192 [INFO] RulesReader:52 - Compatibility file has been processed (179 Rules)
2020-04-06 14:34:35,321 [INFO] MicroXplorer:570 - Detected Java Version = 1.8.0_202
2020-04-06 14:34:35,322 [INFO] DbMcusXml:68 - Set database path to: C:\ST\STM32CubeIDE_1.1.0\STM32CubeIDE\plugins\com.st.stm32cube.common.mx_5.4.0.201910091541\\db\/mcu/
2020-04-06 14:34:35,322 [INFO] DbBoardsPdsc:54 - Set plugin database path to: C:\ST\STM32CubeIDE_1.1.0\STM32CubeIDE\plugins\com.st.stm32cube.common.mx_5.4.0.201910091541\\db\/plugins/boardmanager/
2020-04-06 14:34:35,323 [INFO] DbMcus:265 - Set plugin images path to: C:\ST\STM32CubeIDE_1.1.0\STM32CubeIDE\plugins\com.st.stm32cube.common.mx_5.4.0.201910091541\\db\/plugins/mcufinder/images/
2020-04-06 14:34:35,323 [INFO] DbBoards:232 - Set plugin images path to: C:\ST\STM32CubeIDE_1.1.0\STM32CubeIDE\plugins\com.st.stm32cube.common.mx_5.4.0.201910091541\\db\/plugins/mcufinder/images/
2020-04-06 14:34:35,324 [INFO] APIGFXSelector:72 - Set database path to: C:\ST\STM32CubeIDE_1.1.0\STM32CubeIDE\plugins\com.st.stm32cube.common.mx_5.4.0.201910091541\\db\/plugins/mcufinder/mcu/
2020-04-06 14:34:35,324 [WARN] DbFile:31 - Overriding database path with different value: C:\Users\samtm\.stmcufinder\plugins\mcufinder/ => C:\Users\samtm\.stmcufinder\plugins\mcufinder
2020-04-06 14:34:35,324 [INFO] DbMcusAds:72 - Set database path to: C:\Users\samtm\.stmcufinder\plugins\mcufinder//mcu/
2020-04-06 14:34:35,325 [WARN] DbFile:31 - Overriding database path with different value: C:\Users\samtm\.stmcufinder\plugins\mcufinder/ => C:\Users\samtm\.stmcufinder\plugins\mcufinder
2020-04-06 14:34:35,325 [INFO] DbMcusDocs:92 - Set database path to: C:\Users\samtm\.stmcufinder\plugins\mcufinder//mcu/
2020-04-06 14:34:35,325 [WARN] DbFile:31 - Overriding database path with different value: C:\Users\samtm\.stmcufinder\plugins\mcufinder/ => C:\Users\samtm\.stmcufinder\plugins\mcufinder
2020-04-06 14:34:35,325 [INFO] DbMcusJson:59 - Set database path to: C:\Users\samtm\.stmcufinder\plugins\mcufinder//mcu/
2020-04-06 14:34:35,326 [WARN] DbFile:31 - Overriding database path with different value: C:\Users\samtm\.stmcufinder\plugins\mcufinder/ => C:\Users\samtm\.stmcufinder\plugins\mcufinder
2020-04-06 14:34:35,326 [INFO] DbBoardsDocs:84 - Set database path to: C:\Users\samtm\.stmcufinder\plugins\mcufinder//mcu/
2020-04-06 14:34:35,326 [WARN] DbFile:31 - Overriding database path with different value: C:\Users\samtm\.stmcufinder\plugins\mcufinder/ => C:\Users\samtm\.stmcufinder\plugins\mcufinder
2020-04-06 14:34:35,326 [INFO] DbBoardsJson:51 - Set database path to: C:\Users\samtm\.stmcufinder\plugins\mcufinder//mcu/
2020-04-06 14:34:35,326 [WARN] DbFile:31 - Overriding database path with different value: C:\Users\samtm\.stmcufinder\plugins\mcufinder/ => C:\Users\samtm\.stmcufinder\plugins\mcufinder
2020-04-06 14:34:35,327 [WARN] DbFile:31 - Overriding database path with different value: C:\Users\samtm\.stmcufinder\plugins\mcufinder/ => C:\Users\samtm\.stmcufinder\plugins\mcufinder
2020-04-06 14:34:35,327 [INFO] CrossReferenceDbSqlite:197 - Set database path to: C:\Users\samtm\.stmcufinder\plugins\mcufinder//mcu/cs/
2020-04-06 14:34:35,425 [INFO] MainPanel:185 - HeapMemory: 350224384
2020-04-06 14:34:35,474 [INFO] DbMcusXml:68 - Set database path to: C:\ST\STM32CubeIDE_1.1.0\STM32CubeIDE\plugins\com.st.stm32cube.common.mx_5.4.0.201910091541\\db\/mcu/
2020-04-06 14:34:35,474 [INFO] DbBoardsPdsc:54 - Set plugin database path to: C:\ST\STM32CubeIDE_1.1.0\STM32CubeIDE\plugins\com.st.stm32cube.common.mx_5.4.0.201910091541\\db\/plugins/boardmanager/
2020-04-06 14:34:35,474 [INFO] DbMcus:265 - Set plugin images path to: C:\ST\STM32CubeIDE_1.1.0\STM32CubeIDE\plugins\com.st.stm32cube.common.mx_5.4.0.201910091541\\db\/plugins/mcufinder/images/
2020-04-06 14:34:35,474 [INFO] DbBoards:232 - Set plugin images path to: C:\ST\STM32CubeIDE_1.1.0\STM32CubeIDE\plugins\com.st.stm32cube.common.mx_5.4.0.201910091541\\db\/plugins/mcufinder/images/
2020-04-06 14:34:35,475 [INFO] APIGFXSelector:72 - Set database path to: C:\ST\STM32CubeIDE_1.1.0\STM32CubeIDE\plugins\com.st.stm32cube.common.mx_5.4.0.201910091541\\db\/plugins/mcufinder/mcu/
2020-04-06 14:34:35,475 [WARN] DbFile:31 - Overriding database path with different value: C:\Users\samtm\.stmcufinder\plugins\mcufinder/ => C:\Users\samtm\.stmcufinder\plugins\mcufinder
2020-04-06 14:34:35,475 [INFO] DbMcusAds:72 - Set database path to: C:\Users\samtm\.stmcufinder\plugins\mcufinder//mcu/
2020-04-06 14:34:35,475 [WARN] DbFile:31 - Overriding database path with different value: C:\Users\samtm\.stmcufinder\plugins\mcufinder/ => C:\Users\samtm\.stmcufinder\plugins\mcufinder
2020-04-06 14:34:35,476 [INFO] DbMcusDocs:92 - Set database path to: C:\Users\samtm\.stmcufinder\plugins\mcufinder//mcu/
2020-04-06 14:34:35,476 [WARN] DbFile:31 - Overriding database path with different value: C:\Users\samtm\.stmcufinder\plugins\mcufinder/ => C:\Users\samtm\.stmcufinder\plugins\mcufinder
2020-04-06 14:34:35,476 [INFO] DbMcusJson:59 - Set database path to: C:\Users\samtm\.stmcufinder\plugins\mcufinder//mcu/
2020-04-06 14:34:35,476 [WARN] DbFile:31 - Overriding database path with different value: C:\Users\samtm\.stmcufinder\plugins\mcufinder/ => C:\Users\samtm\.stmcufinder\plugins\mcufinder
2020-04-06 14:34:35,476 [INFO] DbBoardsDocs:84 - Set database path to: C:\Users\samtm\.stmcufinder\plugins\mcufinder//mcu/
2020-04-06 14:34:35,477 [WARN] DbFile:31 - Overriding database path with different value: C:\Users\samtm\.stmcufinder\plugins\mcufinder/ => C:\Users\samtm\.stmcufinder\plugins\mcufinder
2020-04-06 14:34:35,477 [INFO] DbBoardsJson:51 - Set database path to: C:\Users\samtm\.stmcufinder\plugins\mcufinder//mcu/
2020-04-06 14:34:35,477 [WARN] DbFile:31 - Overriding database path with different value: C:\Users\samtm\.stmcufinder\plugins\mcufinder/ => C:\Users\samtm\.stmcufinder\plugins\mcufinder
2020-04-06 14:34:35,477 [WARN] DbFile:31 - Overriding database path with different value: C:\Users\samtm\.stmcufinder\plugins\mcufinder/ => C:\Users\samtm\.stmcufinder\plugins\mcufinder
2020-04-06 14:34:35,477 [INFO] CrossReferenceDbSqlite:197 - Set database path to: C:\Users\samtm\.stmcufinder\plugins\mcufinder//mcu/cs/
2020-04-06 14:34:35,493 [INFO] ApplicationProperties:181 - Using Application install path: C:\ST\STM32CubeIDE_1.1.0\STM32CubeIDE\plugins\com.st.stm32cube.common.mx_5.4.0.201910091541
2020-04-06 14:34:35,495 [INFO] PluginManage:178 - Search for loadable plugins [exclusion list=]
2020-04-06 14:34:35,496 [INFO] PluginManage:292 - Check plugin analytics
2020-04-06 14:34:35,501 [INFO] PluginManage:342 - Loaded plugin analytics (category:tool,tabindex:-1)
2020-04-06 14:34:35,501 [INFO] PluginManage:292 - Check plugin clock
2020-04-06 14:34:35,509 [INFO] PluginManage:342 - Loaded plugin clock (category:base,tabindex:2)
2020-04-06 14:34:35,510 [INFO] PluginManage:292 - Check plugin ddr
2020-04-06 14:34:35,512 [INFO] PluginManage:342 - Loaded plugin ddr (category:tool,tabindex:6)
2020-04-06 14:34:35,512 [INFO] PluginManage:292 - Check plugin filemanager
2020-04-06 14:34:35,617 [INFO] PluginManage:342 - Loaded plugin filemanager (category:base,tabindex:10)
2020-04-06 14:34:35,617 [INFO] PluginManage:292 - Check plugin ipmanager
2020-04-06 14:34:35,626 [INFO] PluginManage:342 - Loaded plugin ipmanager (category:base,tabindex:5)
2020-04-06 14:34:35,627 [INFO] PluginManage:292 - Check plugin pinoutandconfiguration
2020-04-06 14:34:35,635 [INFO] PluginManage:342 - Loaded plugin pinoutandconfiguration (category:base,tabindex:1)
2020-04-06 14:34:35,635 [INFO] PluginManage:292 - Check plugin pinoutconfig
2020-04-06 14:34:35,652 [INFO] PluginManage:342 - Loaded plugin pinoutconfig (category:base,tabindex:0)
2020-04-06 14:34:35,652 [INFO] PluginManage:292 - Check plugin power
2020-04-06 14:34:35,659 [INFO] PluginManage:342 - Loaded plugin power (category:power,tabindex:4)
2020-04-06 14:34:35,660 [INFO] PluginManage:292 - Check plugin projectmanager
2020-04-06 14:34:35,672 [INFO] PluginManage:342 - Loaded plugin projectmanager (category:projectmanager,tabindex:3)
2020-04-06 14:34:35,672 [INFO] PluginManage:292 - Check plugin thirdparty
2020-04-06 14:34:35,709 [INFO] ThirdPartyDb:294 - Open Third Party DataBase File (C:/Users/samtm/.stm32cubemx/plugins/thirdparty/db/thirdparties_db.xml) : 19 ms. number of Sw pack : 21
2020-04-06 14:34:35,728 [INFO] PluginManage:342 - Loaded plugin thirdparty (category:base,tabindex:-1)
2020-04-06 14:34:35,728 [INFO] PluginManage:292 - Check plugin tools
2020-04-06 14:34:35,730 [INFO] PluginManage:342 - Loaded plugin tools (category:base,tabindex:7)
2020-04-06 14:34:35,730 [INFO] PluginManage:292 - Check plugin updater
2020-04-06 14:34:35,739 [INFO] PluginManage:342 - Loaded plugin updater (category:base,tabindex:12)
2020-04-06 14:34:35,740 [INFO] PluginManage:265 - PluginManage : Loaded plugins [12]
2020-04-06 14:34:35,935 [INFO] PinOutPanel:1367 - setPackage(No Configuration,No Configuration)
2020-04-06 14:34:36,043 [INFO] IPUIPlugin:63 - create IPUIPlugin
2020-04-06 14:34:36,043 [INFO] PluginManager:200 - loadIPPluginJar : add adc
2020-04-06 14:34:36,045 [INFO] IPUIPlugin:63 - create IPUIPlugin
2020-04-06 14:34:36,046 [INFO] PluginManager:200 - loadIPPluginJar : add aes
2020-04-06 14:34:36,047 [INFO] IPUIPlugin:63 - create IPUIPlugin
2020-04-06 14:34:36,048 [INFO] PluginManager:200 - loadIPPluginJar : add can
2020-04-06 14:34:36,049 [INFO] IPUIPlugin:63 - create IPUIPlugin
2020-04-06 14:34:36,049 [INFO] PluginManager:200 - loadIPPluginJar : add comp
2020-04-06 14:34:36,051 [INFO] IPUIPlugin:63 - create IPUIPlugin
2020-04-06 14:34:36,051 [INFO] PluginManager:200 - loadIPPluginJar : add cryp
2020-04-06 14:34:36,053 [INFO] IPUIPlugin:63 - create IPUIPlugin
2020-04-06 14:34:36,053 [INFO] PluginManager:200 - loadIPPluginJar : add dfsdm
2020-04-06 14:34:36,058 [INFO] IPUIPlugin:63 - create IPUIPlugin
2020-04-06 14:34:36,058 [INFO] PluginManager:200 - loadIPPluginJar : add dma
2020-04-06 14:34:36,059 [INFO] IPUIPlugin:63 - create IPUIPlugin
2020-04-06 14:34:36,060 [INFO] PluginManager:200 - loadIPPluginJar : add fatfs
2020-04-06 14:34:36,063 [INFO] IPUIPlugin:63 - create IPUIPlugin
2020-04-06 14:34:36,063 [INFO] PluginManager:200 - loadIPPluginJar : add fmc
2020-04-06 14:34:36,068 [INFO] IPUIPlugin:63 - create IPUIPlugin
2020-04-06 14:34:36,069 [INFO] PluginManager:200 - loadIPPluginJar : add freertos
2020-04-06 14:34:36,070 [INFO] IPUIPlugin:63 - create IPUIPlugin
2020-04-06 14:34:36,070 [INFO] PluginManager:200 - loadIPPluginJar : add genericplugin
2020-04-06 14:34:36,072 [INFO] IPUIPlugin:63 - create IPUIPlugin
2020-04-06 14:34:36,072 [INFO] PluginManager:200 - loadIPPluginJar : add gfxmmu
2020-04-06 14:34:36,075 [INFO] IPUIPlugin:63 - create IPUIPlugin
2020-04-06 14:34:36,075 [INFO] PluginManager:200 - loadIPPluginJar : add gfxsimulator
2020-04-06 14:34:36,079 [INFO] IPUIPlugin:63 - create IPUIPlugin
2020-04-06 14:34:36,080 [INFO] PluginManager:200 - loadIPPluginJar : add gic
2020-04-06 14:34:36,083 [INFO] IPUIPlugin:63 - create IPUIPlugin
2020-04-06 14:34:36,083 [INFO] PluginManager:200 - loadIPPluginJar : add gpio
2020-04-06 14:34:36,085 [INFO] IPUIPlugin:63 - create IPUIPlugin
2020-04-06 14:34:36,086 [INFO] PluginManager:200 - loadIPPluginJar : add gtzc
2020-04-06 14:34:36,088 [INFO] IPUIPlugin:63 - create IPUIPlugin
2020-04-06 14:34:36,088 [INFO] PluginManager:200 - loadIPPluginJar : add hash
2020-04-06 14:34:36,090 [INFO] IPUIPlugin:63 - create IPUIPlugin
2020-04-06 14:34:36,091 [INFO] PluginManager:200 - loadIPPluginJar : add i2c
2020-04-06 14:34:36,093 [INFO] IPUIPlugin:63 - create IPUIPlugin
2020-04-06 14:34:36,093 [INFO] PluginManager:200 - loadIPPluginJar : add i2s
2020-04-06 14:34:36,095 [INFO] IPUIPlugin:63 - create IPUIPlugin
2020-04-06 14:34:36,095 [INFO] PluginManager:200 - loadIPPluginJar : add ipddr
2020-04-06 14:34:36,099 [INFO] IPUIPlugin:63 - create IPUIPlugin
2020-04-06 14:34:36,099 [INFO] PluginManager:200 - loadIPPluginJar : add ltdc
2020-04-06 14:34:36,102 [INFO] IPUIPlugin:63 - create IPUIPlugin
2020-04-06 14:34:36,102 [INFO] PluginManager:200 - loadIPPluginJar : add mdma
2020-04-06 14:34:36,105 [INFO] IPUIPlugin:63 - create IPUIPlugin
2020-04-06 14:34:36,105 [INFO] PluginManager:200 - loadIPPluginJar : add nvic
2020-04-06 14:34:36,107 [INFO] IPUIPlugin:63 - create IPUIPlugin
2020-04-06 14:34:36,108 [INFO] PluginManager:200 - loadIPPluginJar : add opamp
2020-04-06 14:34:36,110 [INFO] IPUIPlugin:63 - create IPUIPlugin
2020-04-06 14:34:36,110 [INFO] PluginManager:200 - loadIPPluginJar : add pdm2pcm
2020-04-06 14:34:36,115 [INFO] IPUIPlugin:63 - create IPUIPlugin
2020-04-06 14:34:36,117 [INFO] PluginManager:200 - loadIPPluginJar : add plateformsettings
2020-04-06 14:34:36,119 [INFO] IPUIPlugin:63 - create IPUIPlugin
2020-04-06 14:34:36,119 [INFO] PluginManager:200 - loadIPPluginJar : add quadspi
2020-04-06 14:34:36,121 [INFO] IPUIPlugin:63 - create IPUIPlugin
2020-04-06 14:34:36,122 [INFO] PluginManager:200 - loadIPPluginJar : add resmgrutility
2020-04-06 14:34:36,124 [INFO] IPUIPlugin:63 - create IPUIPlugin
2020-04-06 14:34:36,124 [INFO] PluginManager:200 - loadIPPluginJar : add sai
2020-04-06 14:34:36,126 [INFO] IPUIPlugin:63 - create IPUIPlugin
2020-04-06 14:34:36,126 [INFO] PluginManager:200 - loadIPPluginJar : add spi
2020-04-06 14:34:36,128 [INFO] IPUIPlugin:63 - create IPUIPlugin
2020-04-06 14:34:36,128 [INFO] PluginManager:200 - loadIPPluginJar : add stm32_wpan
2020-04-06 14:34:36,129 [INFO] IPUIPlugin:63 - create IPUIPlugin
2020-04-06 14:34:36,130 [INFO] PluginManager:200 - loadIPPluginJar : add tim
2020-04-06 14:34:36,132 [INFO] IPUIPlugin:63 - create IPUIPlugin
2020-04-06 14:34:36,132 [INFO] PluginManager:200 - loadIPPluginJar : add touchsensing
2020-04-06 14:34:36,134 [INFO] IPUIPlugin:63 - create IPUIPlugin
2020-04-06 14:34:36,134 [INFO] PluginManager:200 - loadIPPluginJar : add tracer_emb
2020-04-06 14:34:36,136 [INFO] IPUIPlugin:63 - create IPUIPlugin
2020-04-06 14:34:36,136 [INFO] PluginManager:200 - loadIPPluginJar : add ts
2020-04-06 14:34:36,137 [INFO] IPUIPlugin:63 - create IPUIPlugin
2020-04-06 14:34:36,137 [INFO] PluginManager:200 - loadIPPluginJar : add tsc
2020-04-06 14:34:36,138 [INFO] IPUIPlugin:63 - create IPUIPlugin
2020-04-06 14:34:36,139 [INFO] PluginManager:200 - loadIPPluginJar : add ucpd
2020-04-06 14:34:36,141 [INFO] IPUIPlugin:63 - create IPUIPlugin
2020-04-06 14:34:36,141 [INFO] PluginManager:200 - loadIPPluginJar : add usart
2020-04-06 14:34:36,368 [INFO] BoardConnectionPanel:220 - [DDR PANEL] osNameString: Windows
2020-04-06 14:34:36,482 [INFO] BoardConnectionPanel:3149 - [DDR PANEL] STM32CubeIDE environment
2020-04-06 14:34:36,483 [INFO] MainDdrPanel:100 - [DDR PANEL] GETTER - cubeProgrammerPath is: null
2020-04-06 14:34:36,642 [FATAL] Updater:277 - Updater called before beeing initialized
2020-04-06 14:34:36,856 [FATAL] Updater:277 - Updater called before beeing initialized
2020-04-06 14:34:36,862 [INFO] PinOutPanel:1367 - setPackage(No Configuration,No Configuration)
2020-04-06 14:34:36,863 [FATAL] Updater:277 - Updater called before beeing initialized
2020-04-06 14:34:36,867 [INFO] BoardConnectionPanel:3149 - [DDR PANEL] STM32CubeIDE environment
2020-04-06 14:34:36,867 [INFO] MainDdrPanel:100 - [DDR PANEL] GETTER - cubeProgrammerPath is: C:\ST\STM32CubeIDE_1.1.0\STM32CubeIDE\plugins\com.st.stm32cube.ide.mcu.externaltools.cubeprogrammer.win32_1.1.0.201910081157\tools\bin
2020-04-06 14:34:36,872 [INFO] ProgrammerExecThread:148 - [ProgrammerAPI] CubeProgrammer command construction: C:\ST\STM32CubeIDE_1.1.0\STM32CubeIDE\plugins\com.st.stm32cube.ide.mcu.externaltools.cubeprogrammer.win32_1.1.0.201910081157\tools\bin\STM32_Programmer_CLI.exe -l
2020-04-06 14:34:36,973 [INFO] MainDdrPanel:90 - [DDR PANEL] SETTER - Set cubeProgrammerPath to: C:\ST\STM32CubeIDE_1.1.0\STM32CubeIDE\plugins\com.st.stm32cube.ide.mcu.externaltools.cubeprogrammer.win32_1.1.0.201910081157\tools\bin
2020-04-06 14:34:36,977 [INFO] Updater:886 - Updater Version found : 5.4.0
2020-04-06 14:34:36,991 [INFO] ApplicationProperties:181 - Using Application install path: C:\ST\STM32CubeIDE_1.1.0\STM32CubeIDE\plugins\com.st.stm32cube.common.mx_5.4.0.201910091541
2020-04-06 14:34:37,142 [INFO] MainUpdater:2232 - connection check result : 10
2020-04-06 14:34:37,144 [INFO] MainUpdater:236 - Updater Check For Update Now.
2020-04-06 14:34:37,144 [INFO] MicroXplorer:420 - Change Database Version : DB.5.0.40
2020-04-06 14:34:37,170 [INFO] CheckServerUpdateThread:92 - End of CheckServer Thread
2020-04-06 14:34:37,352 [INFO] MainUpdater:2232 - connection check result : 10
2020-04-06 14:34:37,354 [INFO] LogOutputStream:76 - [STDOUT_REDIRECT] Successfull proxy connection.
2020-04-06 14:34:37,420 [INFO] MicroXplorer:390 - Change Database Path : 
2020-04-06 14:34:37,421 [INFO] MicroXplorer:420 - Change Database Version : DB.5.0.40
2020-04-06 14:34:37,423 [INFO] PinOutPanel:1367 - setPackage(No Configuration,No Configuration)
2020-04-06 14:34:37,423 [INFO] UtilMem:74 - Begin LoadConfig() Used Memory: 243687264 Bytes (350224384)
2020-04-06 14:34:37,424 [INFO] MicroXplorer:390 - Change Database Path : 
2020-04-06 14:34:37,424 [INFO] MicroXplorer:420 - Change Database Version : DB.5.0.40
2020-04-06 14:34:37,425 [INFO] OpenFileManager:269 - Change cursor
2020-04-06 14:34:38,413 [INFO] ImportTextPane:162 - (OptionalMessage_ERROR) IP (RCC) : Invalid parameter (FamilyName)
2020-04-06 14:34:38,413 [INFO] ImportTextPane:162 - (OptionalMessage_ERROR) IP (RCC) : Invalid parameter (HSICECFreq_Value)
2020-04-06 14:34:38,481 [INFO] UtilMem:74 - End LoadConfig() Used Memory: 294930288 Bytes (350224384)
2020-04-06 14:34:38,559 [INFO] ThirdParty:897 - CMSIS Pack Vendor :STMicroelectronics X-CUBE-BLE1 4.4.0
2020-04-06 14:34:38,559 [INFO] ThirdParty:897 - CMSIS Pack Vendor :STMicroelectronics X-CUBE-MEMS1 6.1.0
2020-04-06 14:34:38,559 [INFO] ThirdParty:897 - CMSIS Pack Vendor :STMicroelectronics X-CUBE-NFC4 1.4.0
2020-04-06 14:34:38,559 [INFO] ThirdParty:897 - CMSIS Pack Vendor :STMicroelectronics X-CUBE-GNSS1 3.0.0
2020-04-06 14:34:38,559 [INFO] ThirdParty:897 - CMSIS Pack Vendor :STMicroelectronics X-CUBE-MEMS1 6.2.0
2020-04-06 14:34:38,559 [INFO] ThirdParty:897 - CMSIS Pack Vendor :STMicroelectronics X-CUBE-MEMS1 7.0.0
2020-04-06 14:34:38,560 [INFO] ThirdParty:897 - CMSIS Pack Vendor :STMicroelectronics X-CUBE-NFC4 1.5.0
2020-04-06 14:34:38,560 [INFO] ThirdParty:897 - CMSIS Pack Vendor :STMicroelectronics X-CUBE-BLE2 1.0.0
2020-04-06 14:34:38,560 [INFO] ThirdParty:897 - CMSIS Pack Vendor :STMicroelectronics X-CUBE-GNSS1 4.0.0
2020-04-06 14:34:38,560 [INFO] ThirdParty:897 - CMSIS Pack Vendor :STMicroelectronics X-CUBE-NFC4 1.5.1
2020-04-06 14:34:38,560 [INFO] ThirdParty:897 - CMSIS Pack Vendor :STMicroelectronics X-CUBE-SUBG2 1.0.0
2020-04-06 14:34:38,560 [INFO] ThirdParty:897 - CMSIS Pack Vendor :ARM CMSIS 5.6.0
2020-04-06 14:34:38,560 [INFO] ThirdParty:897 - CMSIS Pack Vendor :STMicroelectronics X-CUBE-BLE1 5.0.0
2020-04-06 14:34:38,560 [INFO] ThirdParty:897 - CMSIS Pack Vendor :STMicroelectronics X-CUBE-GNSS1 4.1.0
2020-04-06 14:34:38,560 [INFO] ThirdParty:897 - CMSIS Pack Vendor :STMicroelectronics X-CUBE-SUBG2 1.1.0
2020-04-06 14:34:38,699 [INFO] PinOutPanel:1367 - setPackage(No Configuration,No Configuration)
2020-04-06 14:34:38,701 [INFO] PinOutPanel:1367 - setPackage(STM32F031K6Tx,LQFP32)
2020-04-06 14:34:38,818 [INFO] ThirdPartyDb:264 - Close Third Party DataBase File (C:/Users/samtm/.stm32cubemx/plugins/thirdparty/db/thirdparties_db.xml)
2020-04-06 14:34:38,869 [INFO] ThirdPartyDb:294 - Open Third Party DataBase File (C:/Users/samtm/.stm32cubemx/plugins/thirdparty/db/thirdparties_db.xml) : 4 ms. number of Sw pack : 21
2020-04-06 14:34:38,870 [INFO] ThirdPartyDb:264 - Close Third Party DataBase File (C:/Users/samtm/.stm32cubemx/plugins/thirdparty/db/thirdparties_db.xml)
2020-04-06 14:34:38,894 [INFO] IntegrityCheckThread:97 - End integrity checks thread
2020-04-06 14:34:39,372 [INFO] UtilMem:74 - Before build in PCC Used Memory: 233815120 Bytes (350224384)
2020-04-06 14:34:39,629 [INFO] SharedServices:71 - Folder for power plug-in: C:/Users/samtm/.stm32cubemx/plugins/power
2020-04-06 14:34:39,630 [INFO] UtilMem:74 - After build in PCC Used Memory: 247972936 Bytes (350224384)
2020-04-06 14:34:39,639 [INFO] BlockDiagram:1827 - stop enableDisableButtons
2020-04-06 14:34:39,639 [INFO] IPUIPlugin:63 - create IPUIPlugin
2020-04-06 14:34:39,640 [INFO] IPUIPlugin:63 - create IPUIPlugin
2020-04-06 14:34:39,640 [INFO] IPUIPlugin:63 - create IPUIPlugin
2020-04-06 14:34:39,640 [INFO] IPUIPlugin:63 - create IPUIPlugin
2020-04-06 14:34:39,640 [INFO] IPUIPlugin:63 - create IPUIPlugin
2020-04-06 14:34:39,641 [INFO] IPUIPlugin:63 - create IPUIPlugin
2020-04-06 14:34:39,641 [INFO] IPUIPlugin:63 - create IPUIPlugin
2020-04-06 14:34:39,641 [INFO] IPUIPlugin:63 - create IPUIPlugin
2020-04-06 14:34:39,641 [INFO] IPUIPlugin:63 - create IPUIPlugin
2020-04-06 14:34:39,641 [INFO] IPUIPlugin:63 - create IPUIPlugin
2020-04-06 14:34:39,642 [INFO] IPUIPlugin:63 - create IPUIPlugin
2020-04-06 14:34:39,642 [INFO] IPUIPlugin:63 - create IPUIPlugin
2020-04-06 14:34:39,642 [INFO] IPUIPlugin:63 - create IPUIPlugin
2020-04-06 14:34:39,642 [INFO] IPUIPlugin:63 - create IPUIPlugin
2020-04-06 14:34:39,642 [INFO] IPUIPlugin:63 - create IPUIPlugin
2020-04-06 14:34:39,642 [INFO] IPUIPlugin:63 - create IPUIPlugin
2020-04-06 14:34:39,643 [INFO] IPUIPlugin:63 - create IPUIPlugin
2020-04-06 14:34:39,643 [INFO] IPUIPlugin:63 - create IPUIPlugin
2020-04-06 14:34:39,643 [INFO] IPUIPlugin:63 - create IPUIPlugin
2020-04-06 14:34:39,643 [INFO] IPUIPlugin:63 - create IPUIPlugin
2020-04-06 14:34:39,643 [INFO] IPUIPlugin:63 - create IPUIPlugin
2020-04-06 14:34:39,643 [INFO] IPUIPlugin:63 - create IPUIPlugin
2020-04-06 14:34:39,644 [INFO] IPUIPlugin:63 - create IPUIPlugin
2020-04-06 14:34:39,657 [INFO] BlockDiagram:1827 - stop enableDisableButtons
2020-04-06 14:34:39,670 [INFO] LogOutputStream:76 - [STDOUT_REDIRECT] toolchainItems.length=====1
2020-04-06 14:34:39,739 [INFO] OpenFileManager:289 - Restore cursor
2020-04-06 14:34:39,742 [INFO] DbMcusXml:106 - Load MCU database from C:\ST\STM32CubeIDE_1.1.0\STM32CubeIDE\plugins\com.st.stm32cube.common.mx_5.4.0.201910091541\\db\/mcu/families.xml
2020-04-06 14:34:39,742 [INFO] DbMcusXml:106 - Load MCU database from C:\ST\STM32CubeIDE_1.1.0\STM32CubeIDE\plugins\com.st.stm32cube.common.mx_5.4.0.201910091541\\db\/mcu/families.xml
2020-04-06 14:34:40,383 [INFO] DbMcusJson:87 - JSON generation date=Wed Feb 26 03:53:47 EST 2020 (1582707227)
2020-04-06 14:34:40,421 [INFO] DbMcusJson:87 - JSON generation date=Wed Feb 26 03:53:47 EST 2020 (1582707227)
2020-04-06 14:34:41,434 [INFO] DbMcus:193 - Found 1544 MCUs (1504 are supported by CubeMX, 1504 are visible in CubeMX)
2020-04-06 14:34:41,434 [INFO] DbMcus:193 - Found 1544 MCUs (1504 are supported by CubeMX, 1504 are visible in CubeMX)
2020-04-06 14:34:41,435 [INFO] ApiDb:158 - Load user favorites file C:\Users\samtm/.stm32cubemx/favorites.mcus.txt: 0 item(s)
2020-04-06 14:34:41,435 [INFO] ApiDb:158 - Load user favorites file C:\Users\samtm/.stm32cubemx/favorites.mcus.txt: 0 item(s)
2020-04-06 14:34:41,435 [INFO] ApiDb:163 - User favorites MCUs=[]
2020-04-06 14:34:41,435 [INFO] ApiDb:163 - User favorites MCUs=[]
2020-04-06 14:34:41,435 [INFO] DbMcus:204 - Set 0 / 0 favorites MCUs
2020-04-06 14:34:41,435 [INFO] DbMcus:204 - Set 0 / 0 favorites MCUs
2020-04-06 14:34:41,552 [INFO] BlockDiagram:1827 - stop enableDisableButtons
2020-04-06 14:34:41,597 [INFO] BlockDiagram:1827 - stop enableDisableButtons
2020-04-06 14:35:28,132 [INFO] UtilMem:74 - End SaveConfig() Used Memory: 418585984 Bytes (847249408)
2020-04-06 14:35:29,792 [INFO] UtilMem:74 - End SaveConfig() Used Memory: 426452344 Bytes (847249408)
2020-04-06 14:35:29,937 [INFO] UtilMem:74 - End SaveConfig() Used Memory: 436411776 Bytes (847249408)
2020-04-06 14:35:30,236 [INFO] BlockDiagram:1871 - set Specific Code input for plugin: NVIC
2020-04-06 14:35:30,237 [INFO] BlockDiagram:1871 - set Specific Code input for plugin: SYS
2020-04-06 14:35:30,237 [INFO] BlockDiagram:1871 - set Specific Code input for plugin: GPIO
2020-04-06 14:35:30,237 [INFO] BlockDiagram:1871 - set Specific Code input for plugin: RCC
2020-04-06 14:35:30,237 [INFO] BlockDiagram:1871 - set Specific Code input for plugin: I2C
2020-04-06 14:35:30,237 [INFO] BlockDiagram:1871 - set Specific Code input for plugin: TIM1_8F0
2020-04-06 14:35:30,238 [INFO] BlockDiagram:1871 - set Specific Code input for plugin: TIM1_8F0
2020-04-06 14:35:30,238 [INFO] BlockDiagram:1871 - set Specific Code input for plugin: TIM1_8F0
2020-04-06 14:35:30,239 [INFO] CodeGenerator:598 - code generatio: config db path: C:\ST\STM32CubeIDE_1.1.0\STM32CubeIDE\plugins\com.st.stm32cube.common.mx_5.4.0.201910091541\\db\
2020-04-06 14:35:30,538 [INFO] CodeEngine:193 - oldGeneratedFile, C:\projects\thermometer\thermo_fw\MXTmpFiles\license.tmp_save
2020-04-06 14:35:30,803 [INFO] CodeEngine:211 - Generated code: C:\projects\thermometer\thermo_fw\MXTmpFiles\license.tmp
2020-04-06 14:35:30,950 [INFO] CodeEngine:193 - oldGeneratedFile, C:\projects\thermometer\thermo_fw\MXTmpFiles\gpio.tmp_save
2020-04-06 14:35:31,047 [INFO] CodeEngine:211 - Generated code: C:\projects\thermometer\thermo_fw\MXTmpFiles\gpio.tmp
2020-04-06 14:35:31,062 [ERROR] IPConfigManager:1276 - ERROR: the RefConfig I2CEnableFastModePlus is not available in your config.xml file
2020-04-06 14:35:31,470 [INFO] LogOutputStream:76 - [STDOUT_REDIRECT] Command line
2020-04-06 14:35:31,470 [INFO] LogOutputStream:76 - [STDOUT_REDIRECT] Debug : prepare data for I2C
2020-04-06 14:35:31,471 [INFO] LogOutputStream:76 - [STDOUT_REDIRECT] Command line test
2020-04-06 14:35:31,472 [INFO] LogOutputStream:76 - [STDOUT_REDIRECT] Command line
2020-04-06 14:35:31,473 [INFO] LogOutputStream:76 - [STDOUT_REDIRECT] Debug : prepare data for SYS
2020-04-06 14:35:31,473 [INFO] LogOutputStream:76 - [STDOUT_REDIRECT] Command line test
2020-04-06 14:35:31,475 [INFO] LogOutputStream:76 - [STDOUT_REDIRECT] Command line
2020-04-06 14:35:31,475 [INFO] LogOutputStream:76 - [STDOUT_REDIRECT] Debug : prepare data for TIM
2020-04-06 14:35:31,476 [INFO] LogOutputStream:76 - [STDOUT_REDIRECT] Command line test
2020-04-06 14:35:31,478 [INFO] LogOutputStream:76 - [STDOUT_REDIRECT] Debug : prepare data for NVIC
2020-04-06 14:35:31,478 [INFO] LogOutputStream:76 - [STDOUT_REDIRECT] Command line test
2020-04-06 14:35:31,510 [INFO] CodeEngine:193 - oldGeneratedFile, C:\projects\thermometer\thermo_fw\Core\Src\stm32f0xx_it.c_save
2020-04-06 14:35:31,652 [INFO] CodeEngine:211 - Generated code: C:\projects\thermometer\thermo_fw\Core\Src\stm32f0xx_it.c
2020-04-06 14:35:31,680 [INFO] CodeEngine:193 - oldGeneratedFile, C:\projects\thermometer\thermo_fw\Core\Inc\stm32f0xx_it.h_save
2020-04-06 14:35:31,768 [INFO] CodeEngine:211 - Generated code: C:\projects\thermometer\thermo_fw\Core\Inc\stm32f0xx_it.h
2020-04-06 14:35:31,805 [INFO] CodeEngine:193 - oldGeneratedFile, C:\projects\thermometer\thermo_fw\Core\Src\stm32f0xx_hal_msp.c_save
2020-04-06 14:35:31,948 [INFO] CodeEngine:211 - Generated code: C:\projects\thermometer\thermo_fw\Core\Src\stm32f0xx_hal_msp.c
2020-04-06 14:35:31,977 [INFO] CodeEngine:193 - oldGeneratedFile, C:\projects\thermometer\thermo_fw\MXTmpFiles\system.tmp_save
2020-04-06 14:35:32,039 [INFO] CodeEngine:211 - Generated code: C:\projects\thermometer\thermo_fw\MXTmpFiles\system.tmp
2020-04-06 14:35:32,072 [INFO] CodeEngine:193 - oldGeneratedFile, C:\projects\thermometer\thermo_fw\Core\Inc\stm32f0xx_hal_conf.h_save
2020-04-06 14:35:32,168 [INFO] CodeEngine:211 - Generated code: C:\projects\thermometer\thermo_fw\Core\Inc\stm32f0xx_hal_conf.h
2020-04-06 14:35:32,184 [WARN] IPConfigManager:2673 - IP not found : TIM
2020-04-06 14:35:32,184 [WARN] IPConfigManager:2673 - IP not found : gpio
2020-04-06 14:35:32,185 [WARN] CodeGenerator:2697 - IP not found : TIM
2020-04-06 14:35:32,185 [WARN] CodeGenerator:2697 - IP not found : gpio
2020-04-06 14:35:32,221 [INFO] CodeEngine:193 - oldGeneratedFile, C:\projects\thermometer\thermo_fw\Core\Inc\main.h_save
2020-04-06 14:35:32,324 [INFO] CodeEngine:211 - Generated code: C:\projects\thermometer\thermo_fw\Core\Inc\main.h
2020-04-06 14:35:32,361 [INFO] CodeEngine:193 - oldGeneratedFile, C:\projects\thermometer\thermo_fw\Core\Src\main.c_save
2020-04-06 14:35:32,533 [INFO] CodeEngine:211 - Generated code: C:\projects\thermometer\thermo_fw\Core\Src\main.c
2020-04-06 14:35:33,099 [INFO] ProjectBuilder:1645 - Time for Copy HAL[1] : 121mS.
2020-04-06 14:35:33,104 [INFO] ProjectBuilder:2206 - Project Generator version: 3.5.2
2020-04-06 14:35:33,345 [INFO] ConfigFileManager:953 - The Die is : DIE444
2020-04-06 14:35:34,675 [INFO] ProjectBuilder:2373 - Time for Generating toolchain IDE Files: 1571mS.
2020-04-06 14:35:34,676 [INFO] ProjectBuilder:1505 - Time for Copy CMSIS : 1mS.
2020-04-06 14:35:34,679 [INFO] ProjectBuilder:1505 - Time for Copy CMSIS : 0mS.
